[02-Apr-2018 13:13:22 UTC] PHP Warning:  mysqli_connect(): php_network_getaddresses: getaddrinfo failed: Name or service not known in /home/ubuntu/workspace/Functions/conn.php on line 9
[02-Apr-2018 13:13:22 UTC] PHP Stack trace:
[02-Apr-2018 13:13:22 UTC] PHP   1. {main}() /home/ubuntu/workspace/Functions/conn.php:0
[02-Apr-2018 13:13:22 UTC] PHP   2. mysqli_connect() /home/ubuntu/workspace/Functions/conn.php:9
[02-Apr-2018 13:13:22 UTC] PHP Warning:  mysqli_connect(): (HY000/2002): php_network_getaddresses: getaddrinfo failed: Name or service not known in /home/ubuntu/workspace/Functions/conn.php on line 9
[02-Apr-2018 13:13:22 UTC] PHP Stack trace:
[02-Apr-2018 13:13:22 UTC] PHP   1. {main}() /home/ubuntu/workspace/Functions/conn.php:0
[02-Apr-2018 13:13:22 UTC] PHP   2. mysqli_connect() /home/ubuntu/workspace/Functions/conn.php:9
[02-Apr-2018 13:14:56 UTC] PHP Warning:  mysqli_connect(): (HY000/1049): Unknown database '$FabLabDB' in /home/ubuntu/workspace/Functions/conn.php on line 9
[02-Apr-2018 13:14:56 UTC] PHP Stack trace:
[02-Apr-2018 13:14:56 UTC] PHP   1. {main}() /home/ubuntu/workspace/Functions/conn.php:0
[02-Apr-2018 13:14:56 UTC] PHP   2. mysqli_connect() /home/ubuntu/workspace/Functions/conn.php:9
[02-Apr-2018 13:15:48 UTC] PHP Warning:  mysqli_connect(): php_network_getaddresses: getaddrinfo failed: Name or service not known in /home/ubuntu/workspace/Functions/conn.php on line 9
[02-Apr-2018 13:15:48 UTC] PHP Stack trace:
[02-Apr-2018 13:15:48 UTC] PHP   1. {main}() /home/ubuntu/workspace/Functions/conn.php:0
[02-Apr-2018 13:15:48 UTC] PHP   2. mysqli_connect() /home/ubuntu/workspace/Functions/conn.php:9
[02-Apr-2018 13:15:48 UTC] PHP Warning:  mysqli_connect(): (HY000/2002): php_network_getaddresses: getaddrinfo failed: Name or service not known in /home/ubuntu/workspace/Functions/conn.php on line 9
[02-Apr-2018 13:15:48 UTC] PHP Stack trace:
[02-Apr-2018 13:15:48 UTC] PHP   1. {main}() /home/ubuntu/workspace/Functions/conn.php:0
[02-Apr-2018 13:15:48 UTC] PHP   2. mysqli_connect() /home/ubuntu/workspace/Functions/conn.php:9
[02-Apr-2018 13:15:56 UTC] PHP Warning:  mysqli_connect(): php_network_getaddresses: getaddrinfo failed: Name or service not known in /home/ubuntu/workspace/Functions/conn.php on line 9
[02-Apr-2018 13:15:56 UTC] PHP Stack trace:
[02-Apr-2018 13:15:56 UTC] PHP   1. {main}() /home/ubuntu/workspace/Functions/conn.php:0
[02-Apr-2018 13:15:56 UTC] PHP   2. mysqli_connect() /home/ubuntu/workspace/Functions/conn.php:9
[02-Apr-2018 13:15:56 UTC] PHP Warning:  mysqli_connect(): (HY000/2002): php_network_getaddresses: getaddrinfo failed: Name or service not known in /home/ubuntu/workspace/Functions/conn.php on line 9
[02-Apr-2018 13:15:56 UTC] PHP Stack trace:
[02-Apr-2018 13:15:56 UTC] PHP   1. {main}() /home/ubuntu/workspace/Functions/conn.php:0
[02-Apr-2018 13:15:56 UTC] PHP   2. mysqli_connect() /home/ubuntu/workspace/Functions/conn.php:9
[02-Apr-2018 13:16:06 UTC] PHP Warning:  mysqli_connect(): php_network_getaddresses: getaddrinfo failed: Name or service not known in /home/ubuntu/workspace/Functions/conn.php on line 9
[02-Apr-2018 13:16:06 UTC] PHP Stack trace:
[02-Apr-2018 13:16:06 UTC] PHP   1. {main}() /home/ubuntu/workspace/Functions/conn.php:0
[02-Apr-2018 13:16:06 UTC] PHP   2. mysqli_connect() /home/ubuntu/workspace/Functions/conn.php:9
[02-Apr-2018 13:16:06 UTC] PHP Warning:  mysqli_connect(): (HY000/2002): php_network_getaddresses: getaddrinfo failed: Name or service not known in /home/ubuntu/workspace/Functions/conn.php on line 9
[02-Apr-2018 13:16:06 UTC] PHP Stack trace:
[02-Apr-2018 13:16:06 UTC] PHP   1. {main}() /home/ubuntu/workspace/Functions/conn.php:0
[02-Apr-2018 13:16:06 UTC] PHP   2. mysqli_connect() /home/ubuntu/workspace/Functions/conn.php:9
[02-Apr-2018 13:16:29 UTC] PHP Warning:  mysqli_connect(): php_network_getaddresses: getaddrinfo failed: Name or service not known in /home/ubuntu/workspace/Functions/conn.php on line 9
[02-Apr-2018 13:16:29 UTC] PHP Stack trace:
[02-Apr-2018 13:16:29 UTC] PHP   1. {main}() /home/ubuntu/workspace/Functions/conn.php:0
[02-Apr-2018 13:16:29 UTC] PHP   2. mysqli_connect() /home/ubuntu/workspace/Functions/conn.php:9
[02-Apr-2018 13:16:29 UTC] PHP Warning:  mysqli_connect(): (HY000/2002): php_network_getaddresses: getaddrinfo failed: Name or service not known in /home/ubuntu/workspace/Functions/conn.php on line 9
[02-Apr-2018 13:16:29 UTC] PHP Stack trace:
[02-Apr-2018 13:16:29 UTC] PHP   1. {main}() /home/ubuntu/workspace/Functions/conn.php:0
[02-Apr-2018 13:16:29 UTC] PHP   2. mysqli_connect() /home/ubuntu/workspace/Functions/conn.php:9
[03-Apr-2018 20:40:45 UTC] PHP Warning:  mysqli_connect(): php_network_getaddresses: getaddrinfo failed: Name or service not known in /home/ubuntu/workspace/Functions/conn.php on line 9
[03-Apr-2018 20:40:45 UTC] PHP Stack trace:
[03-Apr-2018 20:40:45 UTC] PHP   1. {main}() /home/ubuntu/workspace/Functions/conn.php:0
[03-Apr-2018 20:40:45 UTC] PHP   2. mysqli_connect() /home/ubuntu/workspace/Functions/conn.php:9
[03-Apr-2018 20:40:45 UTC] PHP Warning:  mysqli_connect(): (HY000/2002): php_network_getaddresses: getaddrinfo failed: Name or service not known in /home/ubuntu/workspace/Functions/conn.php on line 9
[03-Apr-2018 20:40:45 UTC] PHP Stack trace:
[03-Apr-2018 20:40:45 UTC] PHP   1. {main}() /home/ubuntu/workspace/Functions/conn.php:0
[03-Apr-2018 20:40:45 UTC] PHP   2. mysqli_connect() /home/ubuntu/workspace/Functions/conn.php:9
[03-Apr-2018 20:42:31 UTC] PHP Warning:  mysqli_connect(): (HY000/1045): Access denied for user 'rot'@'localhost' (using password: NO) in /home/ubuntu/workspace/Functions/conn.php on line 9
[03-Apr-2018 20:42:31 UTC] PHP Stack trace:
[03-Apr-2018 20:42:31 UTC] PHP   1. {main}() /home/ubuntu/workspace/Functions/conn.php:0
[03-Apr-2018 20:42:31 UTC] PHP   2. mysqli_connect() /home/ubuntu/workspace/Functions/conn.php:9
[11-Apr-2018 12:10:41 UTC] PHP Parse error:  syntax error, unexpected '&&' (T_BOOLEAN_AND) in /home/ubuntu/workspace/Pages/Visitor.php on line 81
[16-Apr-2018 12:24:50 UTC] PHP Warning:  mysqli_query() expects parameter 1 to be mysqli, null given in /home/ubuntu/workspace/Functions/VisitF.php on line 10
[16-Apr-2018 12:24:50 UTC] PHP Stack trace:
[16-Apr-2018 12:24:50 UTC] PHP   1. {main}() /home/ubuntu/workspace/Functions/VisitF.php:0
[16-Apr-2018 12:24:50 UTC] PHP   2. mysqli_query() /home/ubuntu/workspace/Functions/VisitF.php:10
[16-Apr-2018 08:39:19 America/New_York] PHP Warning:  date_add() expects parameter 1 to be DateTime, null given in /home/ubuntu/workspace/Functions/VisitF.php on line 13
[16-Apr-2018 08:39:19 America/New_York] PHP Stack trace:
[16-Apr-2018 08:39:19 America/New_York] PHP   1. {main}() /home/ubuntu/workspace/Functions/VisitF.php:0
[16-Apr-2018 08:39:19 America/New_York] PHP   2. date_add() /home/ubuntu/workspace/Functions/VisitF.php:13
[16-Apr-2018 08:39:34 America/New_York] PHP Warning:  date_add() expects parameter 1 to be DateTime, string given in /home/ubuntu/workspace/Functions/VisitF.php on line 13
[16-Apr-2018 08:39:34 America/New_York] PHP Stack trace:
[16-Apr-2018 08:39:34 America/New_York] PHP   1. {main}() /home/ubuntu/workspace/Functions/VisitF.php:0
[16-Apr-2018 08:39:34 America/New_York] PHP   2. date_add() /home/ubuntu/workspace/Functions/VisitF.php:13
[16-Apr-2018 08:40:29 America/New_York] PHP Catchable fatal error:  Object of class DateTime could not be converted to string in /home/ubuntu/workspace/Functions/VisitF.php on line 15
[16-Apr-2018 08:40:29 America/New_York] PHP Stack trace:
[16-Apr-2018 08:40:29 America/New_York] PHP   1. {main}() /home/ubuntu/workspace/Functions/VisitF.php:0
[16-Apr-2018 12:42:44 UTC] PHP Parse error:  syntax error, unexpected 'echo' (T_ECHO) in /home/ubuntu/workspace/Functions/VisitF.php on line 14
[16-Apr-2018 08:43:53 America/New_York] PHP Warning:  date() expects at most 2 parameters, 3 given in /home/ubuntu/workspace/Functions/VisitF.php on line 13
[16-Apr-2018 08:43:53 America/New_York] PHP Stack trace:
[16-Apr-2018 08:43:53 America/New_York] PHP   1. {main}() /home/ubuntu/workspace/Functions/VisitF.php:0
[16-Apr-2018 08:43:53 America/New_York] PHP   2. date() /home/ubuntu/workspace/Functions/VisitF.php:13
[16-Apr-2018 08:47:56 America/New_York] PHP Fatal error:  Function name must be a string in /home/ubuntu/workspace/Functions/VisitF.php on line 18
[16-Apr-2018 08:47:56 America/New_York] PHP Stack trace:
[16-Apr-2018 08:47:56 America/New_York] PHP   1. {main}() /home/ubuntu/workspace/Functions/VisitF.php:0
[16-Apr-2018 12:48:19 UTC] PHP Parse error:  syntax error, unexpected ':' in /home/ubuntu/workspace/Functions/VisitF.php on line 18
[18-Apr-2018 19:41:57 UTC] PHP Parse error:  syntax error, unexpected '}', expecting ',' or ';' in /home/ubuntu/workspace/Pages/Register.php on line 24
[18-Apr-2018 21:11:19 UTC] PHP Warning:  mysqli_close() expects exactly 1 parameter, 0 given in /home/ubuntu/workspace/Functions/Logout.php on line 8
[18-Apr-2018 21:11:19 UTC] PHP Stack trace:
[18-Apr-2018 21:11:19 UTC] PHP   1. {main}() /home/ubuntu/workspace/Functions/Logout.php:0
[18-Apr-2018 21:11:19 UTC] PHP   2. mysqli_close() /home/ubuntu/workspace/Functions/Logout.php:8
[18-Apr-2018 21:16:26 UTC] PHP Warning:  mysqli_close() expects exactly 1 parameter, 0 given in /home/ubuntu/workspace/Functions/Logout.php on line 8
[18-Apr-2018 21:16:26 UTC] PHP Stack trace:
[18-Apr-2018 21:16:26 UTC] PHP   1. {main}() /home/ubuntu/workspace/Functions/Logout.php:0
[18-Apr-2018 21:16:26 UTC] PHP   2. mysqli_close() /home/ubuntu/workspace/Functions/Logout.php:8
[19-Apr-2018 22:42:02 UTC] PHP Warning:  mysqli_close() expects exactly 1 parameter, 0 given in /home/ubuntu/workspace/Functions/Logout.php on line 8
[19-Apr-2018 22:42:02 UTC] PHP Stack trace:
[19-Apr-2018 22:42:02 UTC] PHP   1. {main}() /home/ubuntu/workspace/Functions/Logout.php:0
[19-Apr-2018 22:42:02 UTC] PHP   2. mysqli_close() /home/ubuntu/workspace/Functions/Logout.php:8
[19-Apr-2018 18:42:21 America/New_York] PHP Warning:  mysqli_num_rows() expects exactly 1 parameter, 2 given in /home/ubuntu/workspace/Functions/LogReg.php on line 68
[19-Apr-2018 18:42:21 America/New_York] PHP Stack trace:
[19-Apr-2018 18:42:21 America/New_York] PHP   1. {main}() /home/ubuntu/workspace/Functions/LogReg.php:0
[19-Apr-2018 18:42:21 America/New_York] PHP   2. login() /home/ubuntu/workspace/Functions/LogReg.php:105
[19-Apr-2018 18:42:21 America/New_York] PHP   3. mysqli_num_rows() /home/ubuntu/workspace/Functions/LogReg.php:68
[19-Apr-2018 22:51:15 UTC] PHP Warning:  mysqli_close() expects exactly 1 parameter, 0 given in /home/ubuntu/workspace/Functions/Logout.php on line 8
[19-Apr-2018 22:51:15 UTC] PHP Stack trace:
[19-Apr-2018 22:51:15 UTC] PHP   1. {main}() /home/ubuntu/workspace/Functions/Logout.php:0
[19-Apr-2018 22:51:15 UTC] PHP   2. mysqli_close() /home/ubuntu/workspace/Functions/Logout.php:8
[19-Apr-2018 22:52:33 UTC] PHP Warning:  mysqli_close() expects exactly 1 parameter, 0 given in /home/ubuntu/workspace/Functions/Logout.php on line 8
[19-Apr-2018 22:52:33 UTC] PHP Stack trace:
[19-Apr-2018 22:52:33 UTC] PHP   1. {main}() /home/ubuntu/workspace/Functions/Logout.php:0
[19-Apr-2018 22:52:33 UTC] PHP   2. mysqli_close() /home/ubuntu/workspace/Functions/Logout.php:8
[19-Apr-2018 22:53:15 UTC] PHP Warning:  mysqli_close() expects exactly 1 parameter, 0 given in /home/ubuntu/workspace/Functions/Logout.php on line 8
[19-Apr-2018 22:53:15 UTC] PHP Stack trace:
[19-Apr-2018 22:53:15 UTC] PHP   1. {main}() /home/ubuntu/workspace/Functions/Logout.php:0
[19-Apr-2018 22:53:15 UTC] PHP   2. mysqli_close() /home/ubuntu/workspace/Functions/Logout.php:8
[19-Apr-2018 22:53:45 UTC] PHP Warning:  mysqli_close() expects exactly 1 parameter, 0 given in /home/ubuntu/workspace/Functions/Logout.php on line 8
[19-Apr-2018 22:53:45 UTC] PHP Stack trace:
[19-Apr-2018 22:53:45 UTC] PHP   1. {main}() /home/ubuntu/workspace/Functions/Logout.php:0
[19-Apr-2018 22:53:45 UTC] PHP   2. mysqli_close() /home/ubuntu/workspace/Functions/Logout.php:8
[19-Apr-2018 22:54:09 UTC] PHP Warning:  mysqli_close() expects exactly 1 parameter, 0 given in /home/ubuntu/workspace/Functions/Logout.php on line 8
[19-Apr-2018 22:54:09 UTC] PHP Stack trace:
[19-Apr-2018 22:54:09 UTC] PHP   1. {main}() /home/ubuntu/workspace/Functions/Logout.php:0
[19-Apr-2018 22:54:09 UTC] PHP   2. mysqli_close() /home/ubuntu/workspace/Functions/Logout.php:8
[19-Apr-2018 22:55:30 UTC] PHP Warning:  mysqli_close() expects exactly 1 parameter, 0 given in /home/ubuntu/workspace/Functions/Logout.php on line 8
[19-Apr-2018 22:55:30 UTC] PHP Stack trace:
[19-Apr-2018 22:55:30 UTC] PHP   1. {main}() /home/ubuntu/workspace/Functions/Logout.php:0
[19-Apr-2018 22:55:30 UTC] PHP   2. mysqli_close() /home/ubuntu/workspace/Functions/Logout.php:8
[19-Apr-2018 22:56:34 UTC] PHP Warning:  mysqli_close() expects exactly 1 parameter, 0 given in /home/ubuntu/workspace/Functions/Logout.php on line 8
[19-Apr-2018 22:56:34 UTC] PHP Stack trace:
[19-Apr-2018 22:56:34 UTC] PHP   1. {main}() /home/ubuntu/workspace/Functions/Logout.php:0
[19-Apr-2018 22:56:34 UTC] PHP   2. mysqli_close() /home/ubuntu/workspace/Functions/Logout.php:8
[19-Apr-2018 23:11:27 UTC] PHP Warning:  mysqli_close() expects exactly 1 parameter, 0 given in /home/ubuntu/workspace/Functions/Logout.php on line 8
[19-Apr-2018 23:11:27 UTC] PHP Stack trace:
[19-Apr-2018 23:11:27 UTC] PHP   1. {main}() /home/ubuntu/workspace/Functions/Logout.php:0
[19-Apr-2018 23:11:27 UTC] PHP   2. mysqli_close() /home/ubuntu/workspace/Functions/Logout.php:8
[20-Apr-2018 15:02:31 UTC] PHP Warning:  mysqli_close() expects exactly 1 parameter, 0 given in /home/ubuntu/workspace/Functions/Logout.php on line 8
[20-Apr-2018 15:02:31 UTC] PHP Stack trace:
[20-Apr-2018 15:02:31 UTC] PHP   1. {main}() /home/ubuntu/workspace/Functions/Logout.php:0
[20-Apr-2018 15:02:31 UTC] PHP   2. mysqli_close() /home/ubuntu/workspace/Functions/Logout.php:8
[20-Apr-2018 15:32:46 UTC] PHP Warning:  mysqli_close() expects exactly 1 parameter, 0 given in /home/ubuntu/workspace/Functions/Logout.php on line 8
[20-Apr-2018 15:32:46 UTC] PHP Stack trace:
[20-Apr-2018 15:32:46 UTC] PHP   1. {main}() /home/ubuntu/workspace/Functions/Logout.php:0
[20-Apr-2018 15:32:46 UTC] PHP   2. mysqli_close() /home/ubuntu/workspace/Functions/Logout.php:8
[20-Apr-2018 15:46:38 UTC] PHP Warning:  mysqli_close() expects exactly 1 parameter, 0 given in /home/ubuntu/workspace/Functions/Logout.php on line 8
[20-Apr-2018 15:46:38 UTC] PHP Stack trace:
[20-Apr-2018 15:46:38 UTC] PHP   1. {main}() /home/ubuntu/workspace/Functions/Logout.php:0
[20-Apr-2018 15:46:38 UTC] PHP   2. mysqli_close() /home/ubuntu/workspace/Functions/Logout.php:8
[20-Apr-2018 15:51:20 UTC] PHP Warning:  mysqli_close() expects exactly 1 parameter, 0 given in /home/ubuntu/workspace/Functions/Logout.php on line 8
[20-Apr-2018 15:51:20 UTC] PHP Stack trace:
[20-Apr-2018 15:51:20 UTC] PHP   1. {main}() /home/ubuntu/workspace/Functions/Logout.php:0
[20-Apr-2018 15:51:20 UTC] PHP   2. mysqli_close() /home/ubuntu/workspace/Functions/Logout.php:8
[20-Apr-2018 19:04:37 UTC] PHP Parse error:  syntax error, unexpected '$get' (T_VARIABLE) in /home/ubuntu/workspace/Pages/Visitor.php on line 62
[20-Apr-2018 19:04:40 UTC] PHP Parse error:  syntax error, unexpected '$get' (T_VARIABLE) in /home/ubuntu/workspace/Pages/Visitor.php on line 62
[20-Apr-2018 19:05:12 UTC] PHP Parse error:  syntax error, unexpected '$get' (T_VARIABLE) in /home/ubuntu/workspace/Pages/Visitor.php on line 62
[20-Apr-2018 19:05:59 UTC] PHP Parse error:  syntax error, unexpected ';' in /home/ubuntu/workspace/Pages/Visitor.php on line 62
